2025-12-08 11:19:49,912 INFO o.a.j.u.JMeterUtils: Setting Locale to en_EN
2025-12-08 11:19:49,921 INFO o.a.j.JMeter: Loading user properties from: /opt/homebrew/Cellar/jmeter/5.6.3/libexec/bin/user.properties
2025-12-08 11:19:49,921 INFO o.a.j.JMeter: Loading system properties from: /opt/homebrew/Cellar/jmeter/5.6.3/libexec/bin/system.properties
2025-12-08 11:19:49,921 INFO o.a.j.JMeter: Setting System property: java.net.useSystemProxies=false
2025-12-08 11:19:49,923 INFO o.a.j.JMeter: Copyright (c) 1998-2024 The Apache Software Foundation
2025-12-08 11:19:49,923 INFO o.a.j.JMeter: Version 5.6.3
2025-12-08 11:19:49,923 INFO o.a.j.JMeter: java.version=21.0.6
2025-12-08 11:19:49,923 INFO o.a.j.JMeter: java.vm.name=OpenJDK 64-Bit Server VM
2025-12-08 11:19:49,923 INFO o.a.j.JMeter: os.name=Mac OS X
2025-12-08 11:19:49,923 INFO o.a.j.JMeter: os.arch=aarch64
2025-12-08 11:19:49,923 INFO o.a.j.JMeter: os.version=15.6.1
2025-12-08 11:19:49,923 INFO o.a.j.JMeter: file.encoding=UTF-8
2025-12-08 11:19:49,923 INFO o.a.j.JMeter: java.awt.headless=null
2025-12-08 11:19:49,923 INFO o.a.j.JMeter: Max memory     =1073741824
2025-12-08 11:19:49,923 INFO o.a.j.JMeter: Available Processors =8
2025-12-08 11:19:49,927 INFO o.a.j.JMeter: Default Locale=English (EN)
2025-12-08 11:19:49,927 INFO o.a.j.JMeter: JMeter  Locale=English (EN)
2025-12-08 11:19:49,927 INFO o.a.j.JMeter: JMeterHome=/opt/homebrew/Cellar/jmeter/5.6.3/libexec
2025-12-08 11:19:49,927 INFO o.a.j.JMeter: user.dir  =/Users/xaexix/Desktop/server-java
2025-12-08 11:19:49,927 INFO o.a.j.JMeter: PWD       =/Users/xaexix/Desktop/server-java
2025-12-08 11:19:49,928 INFO o.a.j.JMeter: IP: 127.0.0.1 Name: xaexix.local FullName: localhost
2025-12-08 11:19:49,932 INFO o.a.j.JMeter: Loaded icon properties from org/apache/jmeter/images/icon.properties
2025-12-08 11:19:50,109 INFO o.a.j.JMeterGuiLauncher: Setting LAF to: com.github.weisj.darklaf.DarkLaf:com.github.weisj.darklaf.theme.DarculaTheme
2025-12-08 11:19:50,828 INFO o.a.j.r.ClassFinder: Will scan jar /opt/homebrew/Cellar/jmeter/5.6.3/libexec/lib/ext/jmeter-plugins-manager-1.9.jar with filter ExtendsClassFilter [parents=[interface org.apache.jmeter.gui.action.Command], inner=false, contains=null, notContains=null]. Consider exposing JMeter plugins via META-INF/services, and add JMeter-Skip-Class-Scanning=true manifest attribute so JMeter can skip classfile scanning
2025-12-08 11:19:50,878 INFO o.a.j.r.ClassFinder: Will scan jar /opt/homebrew/Cellar/jmeter/5.6.3/libexec/lib/ext/jmeter-plugins-manager-1.9.jar with filter ExtendsClassFilter [parents=[interface org.apache.jmeter.gui.plugin.MenuCreator], inner=false, contains=null, notContains=null]. Consider exposing JMeter plugins via META-INF/services, and add JMeter-Skip-Class-Scanning=true manifest attribute so JMeter can skip classfile scanning
2025-12-08 11:19:50,929 INFO o.j.r.JARSourceHTTP: Found cached repo
2025-12-08 11:19:51,000 INFO o.j.r.PluginManager: Plugins Status: [jpgc-plugins-manager=1.9, jmeter-core=5.6.3, jmeter-ftp=5.6.3, jmeter-http=5.6.3, jmeter-jdbc=5.6.3, jmeter-jms=5.6.3, jmeter-junit=5.6.3, jmeter-java=5.6.3, jmeter-ldap=5.6.3, jmeter-mail=5.6.3, jmeter-mongodb=5.6.3, jmeter-native=5.6.3, jmeter-tcp=5.6.3, jmeter-components=5.6.3]
2025-12-08 11:19:51,000 INFO o.j.r.PluginManagerMenuItem: Plugins Manager has upgrades: [jpgc-plugins-manager]
2025-12-08 11:21:16,495 INFO o.a.j.p.h.s.HTTPSamplerBase: Parser for text/html is org.apache.jmeter.protocol.http.parser.LagartoBasedHtmlParser
2025-12-08 11:21:16,495 INFO o.a.j.p.h.s.HTTPSamplerBase: Parser for application/xhtml+xml is org.apache.jmeter.protocol.http.parser.LagartoBasedHtmlParser
2025-12-08 11:21:16,495 INFO o.a.j.p.h.s.HTTPSamplerBase: Parser for application/xml is org.apache.jmeter.protocol.http.parser.LagartoBasedHtmlParser
2025-12-08 11:21:16,495 INFO o.a.j.p.h.s.HTTPSamplerBase: Parser for text/xml is org.apache.jmeter.protocol.http.parser.LagartoBasedHtmlParser
2025-12-08 11:21:16,495 INFO o.a.j.p.h.s.HTTPSamplerBase: Parser for text/vnd.wap.wml is org.apache.jmeter.protocol.http.parser.RegexpHTMLParser
2025-12-08 11:21:16,496 INFO o.a.j.p.h.s.HTTPSamplerBase: Parser for text/css is org.apache.jmeter.protocol.http.parser.CssParser
2025-12-08 11:21:58,299 INFO o.a.j.s.SampleResult: Note: Sample TimeStamps are START times
2025-12-08 11:21:58,300 INFO o.a.j.s.SampleResult: sampleresult.default.encoding is set to UTF-8
2025-12-08 11:21:58,300 INFO o.a.j.s.SampleResult: sampleresult.useNanoTime=true
2025-12-08 11:21:58,300 INFO o.a.j.s.SampleResult: sampleresult.nanoThreadSleep=5000
2025-12-08 11:21:58,360 INFO o.a.j.r.ClassFinder: Will scan jar /opt/homebrew/Cellar/jmeter/5.6.3/libexec/lib/ext/jmeter-plugins-manager-1.9.jar with filter ExtendsClassFilter [parents=[interface org.apache.jmeter.visualizers.ResultRenderer], inner=false, contains=null, notContains=null]. Consider exposing JMeter plugins via META-INF/services, and add JMeter-Skip-Class-Scanning=true manifest attribute so JMeter can skip classfile scanning
2025-12-08 11:21:58,367 INFO o.a.j.r.ClassFinder: Will scan jar /opt/homebrew/Cellar/jmeter/5.6.3/libexec/lib/ext/jmeter-plugins-manager-1.9.jar with filter ExtendsClassFilter [parents=[interface org.apache.jmeter.visualizers.RequestView], inner=false, contains=null, notContains=null]. Consider exposing JMeter plugins via META-INF/services, and add JMeter-Skip-Class-Scanning=true manifest attribute so JMeter can skip classfile scanning
2025-12-08 11:22:04,972 INFO o.a.j.s.FileServer: Default base='/Users/xaexix/Desktop/server-java'
2025-12-08 11:22:04,973 INFO o.a.j.s.FileServer: Set new base='/Users/xaexix/Desktop/server-java'
2025-12-08 11:22:05,054 INFO o.a.j.s.SaveService: Testplan (JMX) version: 2.2. Testlog (JTL) version: 2.2
2025-12-08 11:22:05,058 INFO o.a.j.s.SaveService: Using SaveService properties version 5.0
2025-12-08 11:22:05,058 INFO o.a.j.s.SaveService: Using SaveService properties file encoding UTF-8
2025-12-08 11:22:05,070 INFO o.a.j.e.StandardJMeterEngine: Running the test!
2025-12-08 11:22:05,071 INFO o.a.j.s.SampleEvent: List of sample_variables: []
2025-12-08 11:22:05,071 INFO o.a.j.s.SampleEvent: List of sample_variables: []
2025-12-08 11:22:05,071 INFO o.a.j.e.u.CompoundVariable: Note: Function class names must contain the string: '.functions.'
2025-12-08 11:22:05,071 INFO o.a.j.e.u.CompoundVariable: Note: Function class names must not contain the string: '.gui.'
2025-12-08 11:22:05,089 INFO o.a.j.r.ClassFinder: Will scan jar /opt/homebrew/Cellar/jmeter/5.6.3/libexec/lib/ext/jmeter-plugins-manager-1.9.jar with filter ExtendsClassFilter [parents=[interface org.apache.jmeter.functions.Function], inner=false, contains=null, notContains=null]. Consider exposing JMeter plugins via META-INF/services, and add JMeter-Skip-Class-Scanning=true manifest attribute so JMeter can skip classfile scanning
2025-12-08 11:22:05,091 INFO o.a.j.g.u.JMeterMenuBar: setRunning(true, *local*)
2025-12-08 11:22:05,108 INFO o.a.j.e.StandardJMeterEngine: Starting ThreadGroup: 1 : Thread Group
2025-12-08 11:22:05,108 INFO o.a.j.e.StandardJMeterEngine: Starting 100 threads for group Thread Group.
2025-12-08 11:22:05,108 INFO o.a.j.e.StandardJMeterEngine: Thread will continue on error
2025-12-08 11:22:05,108 INFO o.a.j.t.ThreadGroup: Starting thread group... number=1 threads=100 ramp-up=30 delayedStart=false
2025-12-08 11:22:05,110 INFO o.a.j.t.JMeterThread: Thread started: Thread Group 1-1
2025-12-08 11:22:05,113 INFO o.a.j.p.h.s.HTTPHCAbstractImpl: Local host = xaexix.local
2025-12-08 11:22:05,116 INFO o.a.j.p.h.s.HTTPHC4Impl: HTTP request retry count = 0
2025-12-08 11:22:05,119 INFO o.a.j.t.ThreadGroup: Started thread group number 1
2025-12-08 11:22:05,119 INFO o.a.j.e.StandardJMeterEngine: All thread groups have been started
2025-12-08 11:22:05,414 INFO o.a.j.t.JMeterThread: Thread started: Thread Group 1-2
2025-12-08 11:22:05,709 INFO o.a.j.t.JMeterThread: Thread started: Thread Group 1-3
2025-12-08 11:22:06,013 INFO o.a.j.t.JMeterThread: Thread started: Thread Group 1-4
2025-12-08 11:22:06,309 INFO o.a.j.t.JMeterThread: Thread started: Thread Group 1-5
2025-12-08 11:22:06,612 INFO o.a.j.t.JMeterThread: Thread started: Thread Group 1-6
2025-12-08 11:22:06,910 INFO o.a.j.t.JMeterThread: Thread started: Thread Group 1-7
2025-12-08 11:22:07,213 INFO o.a.j.t.JMeterThread: Thread started: Thread Group 1-8
2025-12-08 11:22:07,509 INFO o.a.j.t.JMeterThread: Thread started: Thread Group 1-9
2025-12-08 11:22:07,814 INFO o.a.j.t.JMeterThread: Thread started: Thread Group 1-10
2025-12-08 11:22:08,111 INFO o.a.j.t.JMeterThread: Thread started: Thread Group 1-11
2025-12-08 11:22:08,411 INFO o.a.j.t.JMeterThread: Thread started: Thread Group 1-12
2025-12-08 11:22:08,713 INFO o.a.j.t.JMeterThread: Thread started: Thread Group 1-13
2025-12-08 11:22:09,011 INFO o.a.j.t.JMeterThread: Thread started: Thread Group 1-14
2025-12-08 11:22:09,314 INFO o.a.j.t.JMeterThread: Thread started: Thread Group 1-15
2025-12-08 11:22:09,613 INFO o.a.j.t.JMeterThread: Thread started: Thread Group 1-16
2025-12-08 11:22:09,913 INFO o.a.j.t.JMeterThread: Thread started: Thread Group 1-17
2025-12-08 11:22:10,213 INFO o.a.j.t.JMeterThread: Thread started: Thread Group 1-18
2025-12-08 11:22:10,508 INFO o.a.j.t.JMeterThread: Thread started: Thread Group 1-19
2025-12-08 11:22:10,813 INFO o.a.j.t.JMeterThread: Thread started: Thread Group 1-20
2025-12-08 11:22:11,113 INFO o.a.j.t.JMeterThread: Thread started: Thread Group 1-21
2025-12-08 11:22:11,411 INFO o.a.j.t.JMeterThread: Thread started: Thread Group 1-22
2025-12-08 11:22:11,711 INFO o.a.j.t.JMeterThread: Thread started: Thread Group 1-23
2025-12-08 11:22:12,010 INFO o.a.j.t.JMeterThread: Thread started: Thread Group 1-24
2025-12-08 11:22:12,313 INFO o.a.j.t.JMeterThread: Thread started: Thread Group 1-25
2025-12-08 11:22:12,612 INFO o.a.j.t.JMeterThread: Thread started: Thread Group 1-26
2025-12-08 11:22:12,909 INFO o.a.j.t.JMeterThread: Thread started: Thread Group 1-27
2025-12-08 11:22:13,211 INFO o.a.j.t.JMeterThread: Thread started: Thread Group 1-28
2025-12-08 11:22:13,513 INFO o.a.j.t.JMeterThread: Thread started: Thread Group 1-29
2025-12-08 11:22:13,810 INFO o.a.j.t.JMeterThread: Thread started: Thread Group 1-30
2025-12-08 11:22:14,113 INFO o.a.j.t.JMeterThread: Thread started: Thread Group 1-31
2025-12-08 11:22:14,411 INFO o.a.j.t.JMeterThread: Thread started: Thread Group 1-32
2025-12-08 11:22:14,712 INFO o.a.j.t.JMeterThread: Thread started: Thread Group 1-33
2025-12-08 11:22:15,013 INFO o.a.j.t.JMeterThread: Thread started: Thread Group 1-34
2025-12-08 11:22:15,314 INFO o.a.j.t.JMeterThread: Thread started: Thread Group 1-35
2025-12-08 11:22:15,615 INFO o.a.j.t.JMeterThread: Thread started: Thread Group 1-36
2025-12-08 11:22:15,913 INFO o.a.j.t.JMeterThread: Thread started: Thread Group 1-37
2025-12-08 11:22:16,214 INFO o.a.j.t.JMeterThread: Thread started: Thread Group 1-38
2025-12-08 11:22:16,513 INFO o.a.j.t.JMeterThread: Thread started: Thread Group 1-39
2025-12-08 11:22:16,811 INFO o.a.j.t.JMeterThread: Thread started: Thread Group 1-40
2025-12-08 11:22:17,113 INFO o.a.j.t.JMeterThread: Thread started: Thread Group 1-41
2025-12-08 11:22:17,413 INFO o.a.j.t.JMeterThread: Thread started: Thread Group 1-42
2025-12-08 11:22:17,709 INFO o.a.j.t.JMeterThread: Thread started: Thread Group 1-43
2025-12-08 11:22:18,013 INFO o.a.j.t.JMeterThread: Thread started: Thread Group 1-44
2025-12-08 11:22:18,313 INFO o.a.j.t.JMeterThread: Thread started: Thread Group 1-45
2025-12-08 11:22:18,610 INFO o.a.j.t.JMeterThread: Thread started: Thread Group 1-46
2025-12-08 11:22:18,910 INFO o.a.j.t.JMeterThread: Thread started: Thread Group 1-47
2025-12-08 11:22:19,209 INFO o.a.j.t.JMeterThread: Thread started: Thread Group 1-48
2025-12-08 11:22:19,514 INFO o.a.j.t.JMeterThread: Thread started: Thread Group 1-49
2025-12-08 11:22:19,809 INFO o.a.j.t.JMeterThread: Thread started: Thread Group 1-50
2025-12-08 11:22:20,114 INFO o.a.j.t.JMeterThread: Thread started: Thread Group 1-51
2025-12-08 11:22:20,413 INFO o.a.j.t.JMeterThread: Thread started: Thread Group 1-52
2025-12-08 11:22:20,713 INFO o.a.j.t.JMeterThread: Thread started: Thread Group 1-53
2025-12-08 11:22:21,013 INFO o.a.j.t.JMeterThread: Thread started: Thread Group 1-54
2025-12-08 11:22:21,310 INFO o.a.j.t.JMeterThread: Thread started: Thread Group 1-55
2025-12-08 11:22:21,614 INFO o.a.j.t.JMeterThread: Thread started: Thread Group 1-56
2025-12-08 11:22:21,915 INFO o.a.j.t.JMeterThread: Thread started: Thread Group 1-57
2025-12-08 11:22:22,212 INFO o.a.j.t.JMeterThread: Thread started: Thread Group 1-58
2025-12-08 11:22:22,513 INFO o.a.j.t.JMeterThread: Thread started: Thread Group 1-59
2025-12-08 11:22:22,813 INFO o.a.j.t.JMeterThread: Thread started: Thread Group 1-60
2025-12-08 11:22:23,113 INFO o.a.j.t.JMeterThread: Thread started: Thread Group 1-61
2025-12-08 11:22:23,414 INFO o.a.j.t.JMeterThread: Thread started: Thread Group 1-62
2025-12-08 11:22:23,715 INFO o.a.j.t.JMeterThread: Thread started: Thread Group 1-63
2025-12-08 11:22:24,008 INFO o.a.j.t.JMeterThread: Thread started: Thread Group 1-64
2025-12-08 11:22:24,309 INFO o.a.j.t.JMeterThread: Thread started: Thread Group 1-65
2025-12-08 11:22:24,610 INFO o.a.j.t.JMeterThread: Thread started: Thread Group 1-66
2025-12-08 11:22:24,911 INFO o.a.j.t.JMeterThread: Thread started: Thread Group 1-67
2025-12-08 11:22:25,212 INFO o.a.j.t.JMeterThread: Thread started: Thread Group 1-68
2025-12-08 11:22:25,512 INFO o.a.j.t.JMeterThread: Thread started: Thread Group 1-69
2025-12-08 11:22:25,812 INFO o.a.j.t.JMeterThread: Thread started: Thread Group 1-70
2025-12-08 11:22:26,114 INFO o.a.j.t.JMeterThread: Thread started: Thread Group 1-71
2025-12-08 11:22:26,413 INFO o.a.j.t.JMeterThread: Thread started: Thread Group 1-72
2025-12-08 11:22:26,713 INFO o.a.j.t.JMeterThread: Thread started: Thread Group 1-73
2025-12-08 11:22:27,013 INFO o.a.j.t.JMeterThread: Thread started: Thread Group 1-74
2025-12-08 11:22:27,313 INFO o.a.j.t.JMeterThread: Thread started: Thread Group 1-75
2025-12-08 11:22:27,608 INFO o.a.j.t.JMeterThread: Thread started: Thread Group 1-76
2025-12-08 11:22:27,910 INFO o.a.j.t.JMeterThread: Thread started: Thread Group 1-77
2025-12-08 11:22:28,211 INFO o.a.j.t.JMeterThread: Thread started: Thread Group 1-78
2025-12-08 11:22:28,513 INFO o.a.j.t.JMeterThread: Thread started: Thread Group 1-79
2025-12-08 11:22:28,810 INFO o.a.j.t.JMeterThread: Thread started: Thread Group 1-80
2025-12-08 11:22:29,113 INFO o.a.j.t.JMeterThread: Thread started: Thread Group 1-81
2025-12-08 11:22:29,413 INFO o.a.j.t.JMeterThread: Thread started: Thread Group 1-82
2025-12-08 11:22:29,711 INFO o.a.j.t.JMeterThread: Thread started: Thread Group 1-83
2025-12-08 11:22:30,009 INFO o.a.j.t.JMeterThread: Thread started: Thread Group 1-84
2025-12-08 11:22:30,314 INFO o.a.j.t.JMeterThread: Thread started: Thread Group 1-85
2025-12-08 11:22:30,614 INFO o.a.j.t.JMeterThread: Thread started: Thread Group 1-86
2025-12-08 11:22:30,913 INFO o.a.j.t.JMeterThread: Thread started: Thread Group 1-87
2025-12-08 11:22:31,218 INFO o.a.j.t.JMeterThread: Thread started: Thread Group 1-88
2025-12-08 11:22:31,513 INFO o.a.j.t.JMeterThread: Thread started: Thread Group 1-89
2025-12-08 11:22:31,812 INFO o.a.j.t.JMeterThread: Thread started: Thread Group 1-90
2025-12-08 11:22:32,113 INFO o.a.j.t.JMeterThread: Thread started: Thread Group 1-91
2025-12-08 11:22:32,413 INFO o.a.j.t.JMeterThread: Thread started: Thread Group 1-92
2025-12-08 11:22:32,712 INFO o.a.j.t.JMeterThread: Thread started: Thread Group 1-93
2025-12-08 11:22:33,013 INFO o.a.j.t.JMeterThread: Thread started: Thread Group 1-94
2025-12-08 11:22:33,309 INFO o.a.j.t.JMeterThread: Thread started: Thread Group 1-95
2025-12-08 11:22:33,614 INFO o.a.j.t.JMeterThread: Thread started: Thread Group 1-96
2025-12-08 11:22:33,914 INFO o.a.j.t.JMeterThread: Thread started: Thread Group 1-97
2025-12-08 11:22:34,213 INFO o.a.j.t.JMeterThread: Thread started: Thread Group 1-98
2025-12-08 11:22:34,510 INFO o.a.j.t.JMeterThread: Thread started: Thread Group 1-99
2025-12-08 11:22:34,813 INFO o.a.j.t.JMeterThread: Thread started: Thread Group 1-100
2025-12-08 11:23:05,110 INFO o.a.j.t.JMeterThread: Stopping because end time detected by thread: Thread Group 1-7
2025-12-08 11:23:05,110 INFO o.a.j.t.JMeterThread: Thread finished: Thread Group 1-7
2025-12-08 11:23:05,111 INFO o.a.j.t.JMeterThread: Stopping because end time detected by thread: Thread Group 1-1
2025-12-08 11:23:05,111 INFO o.a.j.t.JMeterThread: Thread finished: Thread Group 1-1
2025-12-08 11:23:05,111 INFO o.a.j.t.JMeterThread: Stopping because end time detected by thread: Thread Group 1-14
2025-12-08 11:23:05,111 INFO o.a.j.t.JMeterThread: Thread finished: Thread Group 1-14
2025-12-08 11:23:05,112 INFO o.a.j.t.JMeterThread: Stopping because end time detected by thread: Thread Group 1-18
2025-12-08 11:23:05,112 INFO o.a.j.t.JMeterThread: Thread finished: Thread Group 1-18
2025-12-08 11:23:05,111 INFO o.a.j.t.JMeterThread: Stopping because end time detected by thread: Thread Group 1-9
2025-12-08 11:23:05,112 INFO o.a.j.t.JMeterThread: Thread finished: Thread Group 1-9
2025-12-08 11:23:05,111 INFO o.a.j.t.JMeterThread: Stopping because end time detected by thread: Thread Group 1-10
2025-12-08 11:23:05,112 INFO o.a.j.t.JMeterThread: Thread finished: Thread Group 1-10
2025-12-08 11:23:05,112 INFO o.a.j.t.JMeterThread: Stopping because end time detected by thread: Thread Group 1-2
2025-12-08 11:23:05,112 INFO o.a.j.t.JMeterThread: Thread finished: Thread Group 1-2
2025-12-08 11:23:05,113 INFO o.a.j.t.JMeterThread: Stopping because end time detected by thread: Thread Group 1-26
2025-12-08 11:23:05,113 INFO o.a.j.t.JMeterThread: Thread finished: Thread Group 1-26
2025-12-08 11:23:05,113 INFO o.a.j.t.JMeterThread: Stopping because end time detected by thread: Thread Group 1-27
2025-12-08 11:23:05,113 INFO o.a.j.t.JMeterThread: Stopping because end time detected by thread: Thread Group 1-32
2025-12-08 11:23:05,113 INFO o.a.j.t.JMeterThread: Stopping because end time detected by thread: Thread Group 1-24
2025-12-08 11:23:05,114 INFO o.a.j.t.JMeterThread: Thread finished: Thread Group 1-32
2025-12-08 11:23:05,114 INFO o.a.j.t.JMeterThread: Thread finished: Thread Group 1-24
2025-12-08 11:23:05,114 INFO o.a.j.t.JMeterThread: Thread finished: Thread Group 1-27
2025-12-08 11:23:05,115 INFO o.a.j.t.JMeterThread: Stopping because end time detected by thread: Thread Group 1-34
2025-12-08 11:23:05,115 INFO o.a.j.t.JMeterThread: Stopping because end time detected by thread: Thread Group 1-5
2025-12-08 11:23:05,114 INFO o.a.j.t.JMeterThread: Stopping because end time detected by thread: Thread Group 1-12
2025-12-08 11:23:05,115 INFO o.a.j.t.JMeterThread: Thread finished: Thread Group 1-5
2025-12-08 11:23:05,115 INFO o.a.j.t.JMeterThread: Thread finished: Thread Group 1-34
2025-12-08 11:23:05,115 INFO o.a.j.t.JMeterThread: Stopping because end time detected by thread: Thread Group 1-50
2025-12-08 11:23:05,115 INFO o.a.j.t.JMeterThread: Stopping because end time detected by thread: Thread Group 1-58
2025-12-08 11:23:05,115 INFO o.a.j.t.JMeterThread: Stopping because end time detected by thread: Thread Group 1-13
2025-12-08 11:23:05,115 INFO o.a.j.t.JMeterThread: Thread finished: Thread Group 1-58
2025-12-08 11:23:05,115 INFO o.a.j.t.JMeterThread: Thread finished: Thread Group 1-13
2025-12-08 11:23:05,115 INFO o.a.j.t.JMeterThread: Thread finished: Thread Group 1-50
2025-12-08 11:23:05,115 INFO o.a.j.t.JMeterThread: Stopping because end time detected by thread: Thread Group 1-16
2025-12-08 11:23:05,115 INFO o.a.j.t.JMeterThread: Thread finished: Thread Group 1-12
2025-12-08 11:23:05,115 INFO o.a.j.t.JMeterThread: Thread finished: Thread Group 1-16
2025-12-08 11:23:05,115 INFO o.a.j.t.JMeterThread: Stopping because end time detected by thread: Thread Group 1-23
2025-12-08 11:23:05,115 INFO o.a.j.t.JMeterThread: Thread finished: Thread Group 1-23
2025-12-08 11:23:05,116 INFO o.a.j.t.JMeterThread: Stopping because end time detected by thread: Thread Group 1-8
2025-12-08 11:23:05,116 INFO o.a.j.t.JMeterThread: Thread finished: Thread Group 1-8
2025-12-08 11:23:05,116 INFO o.a.j.t.JMeterThread: Stopping because end time detected by thread: Thread Group 1-31
2025-12-08 11:23:05,116 INFO o.a.j.t.JMeterThread: Stopping because end time detected by thread: Thread Group 1-46
2025-12-08 11:23:05,116 INFO o.a.j.t.JMeterThread: Thread finished: Thread Group 1-31
2025-12-08 11:23:05,116 INFO o.a.j.t.JMeterThread: Thread finished: Thread Group 1-46
2025-12-08 11:23:05,116 INFO o.a.j.t.JMeterThread: Stopping because end time detected by thread: Thread Group 1-11
2025-12-08 11:23:05,117 INFO o.a.j.t.JMeterThread: Thread finished: Thread Group 1-11
2025-12-08 11:23:05,117 INFO o.a.j.t.JMeterThread: Stopping because end time detected by thread: Thread Group 1-84
2025-12-08 11:23:05,117 INFO o.a.j.t.JMeterThread: Thread finished: Thread Group 1-84
2025-12-08 11:23:05,117 INFO o.a.j.t.JMeterThread: Stopping because end time detected by thread: Thread Group 1-22
2025-12-08 11:23:05,117 INFO o.a.j.t.JMeterThread: Stopping because end time detected by thread: Thread Group 1-39
2025-12-08 11:23:05,117 INFO o.a.j.t.JMeterThread: Stopping because end time detected by thread: Thread Group 1-86
2025-12-08 11:23:05,117 INFO o.a.j.t.JMeterThread: Stopping because end time detected by thread: Thread Group 1-78
2025-12-08 11:23:05,117 INFO o.a.j.t.JMeterThread: Thread finished: Thread Group 1-86
2025-12-08 11:23:05,117 INFO o.a.j.t.JMeterThread: Stopping because end time detected by thread: Thread Group 1-75
2025-12-08 11:23:05,117 INFO o.a.j.t.JMeterThread: Thread finished: Thread Group 1-78
2025-12-08 11:23:05,117 INFO o.a.j.t.JMeterThread: Stopping because end time detected by thread: Thread Group 1-55
2025-12-08 11:23:05,117 INFO o.a.j.t.JMeterThread: Stopping because end time detected by thread: Thread Group 1-25
2025-12-08 11:23:05,118 INFO o.a.j.t.JMeterThread: Thread finished: Thread Group 1-55
2025-12-08 11:23:05,118 INFO o.a.j.t.JMeterThread: Stopping because end time detected by thread: Thread Group 1-94
2025-12-08 11:23:05,118 INFO o.a.j.t.JMeterThread: Thread finished: Thread Group 1-25
2025-12-08 11:23:05,118 INFO o.a.j.t.JMeterThread: Stopping because end time detected by thread: Thread Group 1-15
2025-12-08 11:23:05,118 INFO o.a.j.t.JMeterThread: Stopping because end time detected by thread: Thread Group 1-6
2025-12-08 11:23:05,118 INFO o.a.j.t.JMeterThread: Stopping because end time detected by thread: Thread Group 1-49
2025-12-08 11:23:05,118 INFO o.a.j.t.JMeterThread: Thread finished: Thread Group 1-49
2025-12-08 11:23:05,118 INFO o.a.j.t.JMeterThread: Stopping because end time detected by thread: Thread Group 1-64
2025-12-08 11:23:05,118 INFO o.a.j.t.JMeterThread: Thread finished: Thread Group 1-64
2025-12-08 11:23:05,118 INFO o.a.j.t.JMeterThread: Stopping because end time detected by thread: Thread Group 1-30
2025-12-08 11:23:05,118 INFO o.a.j.t.JMeterThread: Stopping because end time detected by thread: Thread Group 1-45
2025-12-08 11:23:05,118 INFO o.a.j.t.JMeterThread: Thread finished: Thread Group 1-30
2025-12-08 11:23:05,118 INFO o.a.j.t.JMeterThread: Thread finished: Thread Group 1-45
2025-12-08 11:23:05,118 INFO o.a.j.t.JMeterThread: Stopping because end time detected by thread: Thread Group 1-63
2025-12-08 11:23:05,118 INFO o.a.j.t.JMeterThread: Thread finished: Thread Group 1-63
2025-12-08 11:23:05,118 INFO o.a.j.t.JMeterThread: Stopping because end time detected by thread: Thread Group 1-92
2025-12-08 11:23:05,118 INFO o.a.j.t.JMeterThread: Stopping because end time detected by thread: Thread Group 1-56
2025-12-08 11:23:05,118 INFO o.a.j.t.JMeterThread: Stopping because end time detected by thread: Thread Group 1-36
2025-12-08 11:23:05,118 INFO o.a.j.t.JMeterThread: Stopping because end time detected by thread: Thread Group 1-33
2025-12-08 11:23:05,118 INFO o.a.j.t.JMeterThread: Thread finished: Thread Group 1-36
2025-12-08 11:23:05,118 INFO o.a.j.t.JMeterThread: Thread finished: Thread Group 1-33
2025-12-08 11:23:05,118 INFO o.a.j.t.JMeterThread: Stopping because end time detected by thread: Thread Group 1-35
2025-12-08 11:23:05,118 INFO o.a.j.t.JMeterThread: Stopping because end time detected by thread: Thread Group 1-21
2025-12-08 11:23:05,118 INFO o.a.j.t.JMeterThread: Thread finished: Thread Group 1-35
2025-12-08 11:23:05,118 INFO o.a.j.t.JMeterThread: Stopping because end time detected by thread: Thread Group 1-85
2025-12-08 11:23:05,118 INFO o.a.j.t.JMeterThread: Thread finished: Thread Group 1-85
2025-12-08 11:23:05,118 INFO o.a.j.t.JMeterThread: Thread finished: Thread Group 1-21
2025-12-08 11:23:05,118 INFO o.a.j.t.JMeterThread: Stopping because end time detected by thread: Thread Group 1-48
2025-12-08 11:23:05,118 INFO o.a.j.t.JMeterThread: Thread finished: Thread Group 1-48
2025-12-08 11:23:05,118 INFO o.a.j.t.JMeterThread: Stopping because end time detected by thread: Thread Group 1-96
2025-12-08 11:23:05,119 INFO o.a.j.t.JMeterThread: Stopping because end time detected by thread: Thread Group 1-53
2025-12-08 11:23:05,119 INFO o.a.j.t.JMeterThread: Stopping because end time detected by thread: Thread Group 1-99
2025-12-08 11:23:05,119 INFO o.a.j.t.JMeterThread: Thread finished: Thread Group 1-53
2025-12-08 11:23:05,119 INFO o.a.j.t.JMeterThread: Stopping because end time detected by thread: Thread Group 1-67
2025-12-08 11:23:05,119 INFO o.a.j.t.JMeterThread: Stopping because end time detected by thread: Thread Group 1-41
2025-12-08 11:23:05,119 INFO o.a.j.t.JMeterThread: Thread finished: Thread Group 1-41
2025-12-08 11:23:05,119 INFO o.a.j.t.JMeterThread: Stopping because end time detected by thread: Thread Group 1-87
2025-12-08 11:23:05,117 INFO o.a.j.t.JMeterThread: Stopping because end time detected by thread: Thread Group 1-82
2025-12-08 11:23:05,119 INFO o.a.j.t.JMeterThread: Stopping because end time detected by thread: Thread Group 1-69
2025-12-08 11:23:05,119 INFO o.a.j.t.JMeterThread: Thread finished: Thread Group 1-69
2025-12-08 11:23:05,119 INFO o.a.j.t.JMeterThread: Stopping because end time detected by thread: Thread Group 1-20
2025-12-08 11:23:05,119 INFO o.a.j.t.JMeterThread: Stopping because end time detected by thread: Thread Group 1-19
2025-12-08 11:23:05,119 INFO o.a.j.t.JMeterThread: Thread finished: Thread Group 1-82
2025-12-08 11:23:05,119 INFO o.a.j.t.JMeterThread: Stopping because end time detected by thread: Thread Group 1-76
2025-12-08 11:23:05,119 INFO o.a.j.t.JMeterThread: Stopping because end time detected by thread: Thread Group 1-83
2025-12-08 11:23:05,119 INFO o.a.j.t.JMeterThread: Stopping because end time detected by thread: Thread Group 1-54
2025-12-08 11:23:05,119 INFO o.a.j.t.JMeterThread: Thread finished: Thread Group 1-76
2025-12-08 11:23:05,119 INFO o.a.j.t.JMeterThread: Stopping because end time detected by thread: Thread Group 1-28
2025-12-08 11:23:05,119 INFO o.a.j.t.JMeterThread: Stopping because end time detected by thread: Thread Group 1-52
2025-12-08 11:23:05,119 INFO o.a.j.t.JMeterThread: Thread finished: Thread Group 1-52
2025-12-08 11:23:05,117 INFO o.a.j.t.JMeterThread: Thread finished: Thread Group 1-39
2025-12-08 11:23:05,117 INFO o.a.j.t.JMeterThread: Stopping because end time detected by thread: Thread Group 1-4
2025-12-08 11:23:05,117 INFO o.a.j.t.JMeterThread: Thread finished: Thread Group 1-22
2025-12-08 11:23:05,119 INFO o.a.j.t.JMeterThread: Stopping because end time detected by thread: Thread Group 1-97
2025-12-08 11:23:05,119 INFO o.a.j.t.JMeterThread: Stopping because end time detected by thread: Thread Group 1-90
2025-12-08 11:23:05,119 INFO o.a.j.t.JMeterThread: Stopping because end time detected by thread: Thread Group 1-100
2025-12-08 11:23:05,119 INFO o.a.j.t.JMeterThread: Stopping because end time detected by thread: Thread Group 1-71
2025-12-08 11:23:05,120 INFO o.a.j.t.JMeterThread: Stopping because end time detected by thread: Thread Group 1-72
2025-12-08 11:23:05,120 INFO o.a.j.t.JMeterThread: Stopping because end time detected by thread: Thread Group 1-81
2025-12-08 11:23:05,120 INFO o.a.j.t.JMeterThread: Stopping because end time detected by thread: Thread Group 1-88
2025-12-08 11:23:05,120 INFO o.a.j.t.JMeterThread: Stopping because end time detected by thread: Thread Group 1-73
2025-12-08 11:23:05,120 INFO o.a.j.t.JMeterThread: Stopping because end time detected by thread: Thread Group 1-65
2025-12-08 11:23:05,120 INFO o.a.j.t.JMeterThread: Thread finished: Thread Group 1-65
2025-12-08 11:23:05,120 INFO o.a.j.t.JMeterThread: Thread finished: Thread Group 1-88
2025-12-08 11:23:05,120 INFO o.a.j.t.JMeterThread: Thread finished: Thread Group 1-81
2025-12-08 11:23:05,120 INFO o.a.j.t.JMeterThread: Thread finished: Thread Group 1-73
2025-12-08 11:23:05,120 INFO o.a.j.t.JMeterThread: Thread finished: Thread Group 1-72
2025-12-08 11:23:05,120 INFO o.a.j.t.JMeterThread: Thread finished: Thread Group 1-90
2025-12-08 11:23:05,120 INFO o.a.j.t.JMeterThread: Thread finished: Thread Group 1-100
2025-12-08 11:23:05,120 INFO o.a.j.t.JMeterThread: Thread finished: Thread Group 1-4
2025-12-08 11:23:05,119 INFO o.a.j.t.JMeterThread: Stopping because end time detected by thread: Thread Group 1-43
2025-12-08 11:23:05,119 INFO o.a.j.t.JMeterThread: Stopping because end time detected by thread: Thread Group 1-40
2025-12-08 11:23:05,120 INFO o.a.j.t.JMeterThread: Stopping because end time detected by thread: Thread Group 1-51
2025-12-08 11:23:05,119 INFO o.a.j.t.JMeterThread: Stopping because end time detected by thread: Thread Group 1-60
2025-12-08 11:23:05,120 INFO o.a.j.t.JMeterThread: Thread finished: Thread Group 1-60
2025-12-08 11:23:05,121 INFO o.a.j.t.JMeterThread: Thread finished: Thread Group 1-40
2025-12-08 11:23:05,119 INFO o.a.j.t.JMeterThread: Stopping because end time detected by thread: Thread Group 1-70
2025-12-08 11:23:05,119 INFO o.a.j.t.JMeterThread: Thread finished: Thread Group 1-28
2025-12-08 11:23:05,121 INFO o.a.j.t.JMeterThread: Thread finished: Thread Group 1-70
2025-12-08 11:23:05,119 INFO o.a.j.t.JMeterThread: Thread finished: Thread Group 1-54
2025-12-08 11:23:05,119 INFO o.a.j.t.JMeterThread: Thread finished: Thread Group 1-19
2025-12-08 11:23:05,119 INFO o.a.j.t.JMeterThread: Thread finished: Thread Group 1-20
2025-12-08 11:23:05,121 INFO o.a.j.t.JMeterThread: Thread finished: Thread Group 1-83
2025-12-08 11:23:05,119 INFO o.a.j.t.JMeterThread: Stopping because end time detected by thread: Thread Group 1-95
2025-12-08 11:23:05,120 INFO o.a.j.t.JMeterThread: Stopping because end time detected by thread: Thread Group 1-93
2025-12-08 11:23:05,121 INFO o.a.j.t.JMeterThread: Thread finished: Thread Group 1-95
2025-12-08 11:23:05,119 INFO o.a.j.t.JMeterThread: Stopping because end time detected by thread: Thread Group 1-37
2025-12-08 11:23:05,119 INFO o.a.j.t.JMeterThread: Stopping because end time detected by thread: Thread Group 1-91
2025-12-08 11:23:05,121 INFO o.a.j.t.JMeterThread: Thread finished: Thread Group 1-37
2025-12-08 11:23:05,121 INFO o.a.j.t.JMeterThread: Thread finished: Thread Group 1-91
2025-12-08 11:23:05,119 INFO o.a.j.t.JMeterThread: Stopping because end time detected by thread: Thread Group 1-42
2025-12-08 11:23:05,121 INFO o.a.j.t.JMeterThread: Thread finished: Thread Group 1-42
2025-12-08 11:23:05,121 INFO o.a.j.t.JMeterThread: Thread finished: Thread Group 1-93
2025-12-08 11:23:05,121 INFO o.a.j.t.JMeterThread: Thread finished: Thread Group 1-51
2025-12-08 11:23:05,119 INFO o.a.j.t.JMeterThread: Stopping because end time detected by thread: Thread Group 1-3
2025-12-08 11:23:05,119 INFO o.a.j.t.JMeterThread: Stopping because end time detected by thread: Thread Group 1-38
2025-12-08 11:23:05,121 INFO o.a.j.t.JMeterThread: Thread finished: Thread Group 1-3
2025-12-08 11:23:05,121 INFO o.a.j.t.JMeterThread: Thread finished: Thread Group 1-38
2025-12-08 11:23:05,119 INFO o.a.j.t.JMeterThread: Thread finished: Thread Group 1-67
2025-12-08 11:23:05,119 INFO o.a.j.t.JMeterThread: Stopping because end time detected by thread: Thread Group 1-29
2025-12-08 11:23:05,122 INFO o.a.j.t.JMeterThread: Thread finished: Thread Group 1-29
2025-12-08 11:23:05,122 INFO o.a.j.t.JMeterThread: Thread finished: Thread Group 1-99
2025-12-08 11:23:05,119 INFO o.a.j.t.JMeterThread: Stopping because end time detected by thread: Thread Group 1-98
2025-12-08 11:23:05,122 INFO o.a.j.t.JMeterThread: Thread finished: Thread Group 1-98
2025-12-08 11:23:05,119 INFO o.a.j.t.JMeterThread: Thread finished: Thread Group 1-96
2025-12-08 11:23:05,118 INFO o.a.j.t.JMeterThread: Stopping because end time detected by thread: Thread Group 1-59
2025-12-08 11:23:05,118 INFO o.a.j.t.JMeterThread: Stopping because end time detected by thread: Thread Group 1-47
2025-12-08 11:23:05,122 INFO o.a.j.t.JMeterThread: Stopping because end time detected by thread: Thread Group 1-17
2025-12-08 11:23:05,122 INFO o.a.j.t.JMeterThread: Thread finished: Thread Group 1-17
2025-12-08 11:23:05,118 INFO o.a.j.t.JMeterThread: Thread finished: Thread Group 1-56
2025-12-08 11:23:05,118 INFO o.a.j.t.JMeterThread: Stopping because end time detected by thread: Thread Group 1-68
2025-12-08 11:23:05,122 INFO o.a.j.t.JMeterThread: Thread finished: Thread Group 1-68
2025-12-08 11:23:05,118 INFO o.a.j.t.JMeterThread: Stopping because end time detected by thread: Thread Group 1-80
2025-12-08 11:23:05,122 INFO o.a.j.t.JMeterThread: Thread finished: Thread Group 1-80
2025-12-08 11:23:05,118 INFO o.a.j.t.JMeterThread: Stopping because end time detected by thread: Thread Group 1-74
2025-12-08 11:23:05,123 INFO o.a.j.t.JMeterThread: Thread finished: Thread Group 1-74
2025-12-08 11:23:05,118 INFO o.a.j.t.JMeterThread: Stopping because end time detected by thread: Thread Group 1-44
2025-12-08 11:23:05,123 INFO o.a.j.t.JMeterThread: Thread finished: Thread Group 1-92
2025-12-08 11:23:05,118 INFO o.a.j.t.JMeterThread: Stopping because end time detected by thread: Thread Group 1-89
2025-12-08 11:23:05,118 INFO o.a.j.t.JMeterThread: Stopping because end time detected by thread: Thread Group 1-61
2025-12-08 11:23:05,123 INFO o.a.j.t.JMeterThread: Thread finished: Thread Group 1-89
2025-12-08 11:23:05,118 INFO o.a.j.t.JMeterThread: Stopping because end time detected by thread: Thread Group 1-57
2025-12-08 11:23:05,118 INFO o.a.j.t.JMeterThread: Thread finished: Thread Group 1-6
2025-12-08 11:23:05,123 INFO o.a.j.t.JMeterThread: Thread finished: Thread Group 1-57
2025-12-08 11:23:05,118 INFO o.a.j.t.JMeterThread: Stopping because end time detected by thread: Thread Group 1-77
2025-12-08 11:23:05,118 INFO o.a.j.t.JMeterThread: Thread finished: Thread Group 1-94
2025-12-08 11:23:05,117 INFO o.a.j.t.JMeterThread: Thread finished: Thread Group 1-75
2025-12-08 11:23:05,123 INFO o.a.j.t.JMeterThread: Stopping because end time detected by thread: Thread Group 1-79
2025-12-08 11:23:05,123 INFO o.a.j.t.JMeterThread: Thread finished: Thread Group 1-79
2025-12-08 11:23:05,123 INFO o.a.j.t.JMeterThread: Thread finished: Thread Group 1-77
2025-12-08 11:23:05,123 INFO o.a.j.t.JMeterThread: Thread finished: Thread Group 1-44
2025-12-08 11:23:05,122 INFO o.a.j.t.JMeterThread: Thread finished: Thread Group 1-47
2025-12-08 11:23:05,123 INFO o.a.j.t.JMeterThread: Thread finished: Thread Group 1-61
2025-12-08 11:23:05,122 INFO o.a.j.t.JMeterThread: Thread finished: Thread Group 1-59
2025-12-08 11:23:05,121 INFO o.a.j.t.JMeterThread: Thread finished: Thread Group 1-87
2025-12-08 11:23:05,120 INFO o.a.j.t.JMeterThread: Thread finished: Thread Group 1-43
2025-12-08 11:23:05,119 INFO o.a.j.t.JMeterThread: Stopping because end time detected by thread: Thread Group 1-62
2025-12-08 11:23:05,120 INFO o.a.j.t.JMeterThread: Thread finished: Thread Group 1-97
2025-12-08 11:23:05,123 INFO o.a.j.t.JMeterThread: Thread finished: Thread Group 1-62
2025-12-08 11:23:05,120 INFO o.a.j.t.JMeterThread: Thread finished: Thread Group 1-71
2025-12-08 11:23:05,120 INFO o.a.j.t.JMeterThread: Stopping because end time detected by thread: Thread Group 1-66
2025-12-08 11:23:05,124 INFO o.a.j.t.JMeterThread: Thread finished: Thread Group 1-66
2025-12-08 11:23:05,123 INFO o.a.j.t.JMeterThread: Thread finished: Thread Group 1-15
2025-12-08 11:23:05,124 INFO o.a.j.e.StandardJMeterEngine: Notifying test listeners of end of test
2025-12-08 11:23:05,124 INFO o.a.j.g.u.JMeterMenuBar: setRunning(false, *local*)
